/home/egsa/EGSA34_PLD/install/egsa34/lib/python3.10/site-packages/egsa34/log_level.py
/home/egsa/EGSA34_PLD/install/egsa34/lib/python3.10/site-packages/egsa34/cmd_handler.py
/home/egsa/EGSA34_PLD/install/egsa34/lib/python3.10/site-packages/egsa34/emulator.py
/home/egsa/EGSA34_PLD/install/egsa34/lib/python3.10/site-packages/egsa34/__init__.py
/home/egsa/EGSA34_PLD/install/egsa34/lib/python3.10/site-packages/egsa34/ssp.py
/home/egsa/EGSA34_PLD/install/egsa34/lib/python3.10/site-packages/egsa34/bus_interface.py
/home/egsa/EGSA34_PLD/install/egsa34/lib/python3.10/site-packages/egsa34/ssp_config.py
/home/egsa/EGSA34_PLD/install/egsa34/lib/python3.10/site-packages/egsa34/__pycache__/log_level.cpython-310.pyc
/home/egsa/EGSA34_PLD/install/egsa34/lib/python3.10/site-packages/egsa34/__pycache__/cmd_handler.cpython-310.pyc
/home/egsa/EGSA34_PLD/install/egsa34/lib/python3.10/site-packages/egsa34/__pycache__/emulator.cpython-310.pyc
/home/egsa/EGSA34_PLD/install/egsa34/lib/python3.10/site-packages/egsa34/__pycache__/__init__.cpython-310.pyc
/home/egsa/EGSA34_PLD/install/egsa34/lib/python3.10/site-packages/egsa34/__pycache__/ssp.cpython-310.pyc
/home/egsa/EGSA34_PLD/install/egsa34/lib/python3.10/site-packages/egsa34/__pycache__/bus_interface.cpython-310.pyc
/home/egsa/EGSA34_PLD/install/egsa34/lib/python3.10/site-packages/egsa34/__pycache__/ssp_config.cpython-310.pyc
/home/egsa/EGSA34_PLD/install/egsa34/share/ament_index/resource_index/packages/egsa34
/home/egsa/EGSA34_PLD/install/egsa34/share/egsa34/package.xml
/home/egsa/EGSA34_PLD/install/egsa34/share/egsa34/launch/egsa34.launch.py
/home/egsa/EGSA34_PLD/install/egsa34/share/egsa34/config/config.yaml
/home/egsa/EGSA34_PLD/install/egsa34/lib/python3.10/site-packages/egsa34-0.0.0-py3.10.egg-info/dependency_links.txt
/home/egsa/EGSA34_PLD/install/egsa34/lib/python3.10/site-packages/egsa34-0.0.0-py3.10.egg-info/SOURCES.txt
/home/egsa/EGSA34_PLD/install/egsa34/lib/python3.10/site-packages/egsa34-0.0.0-py3.10.egg-info/entry_points.txt
/home/egsa/EGSA34_PLD/install/egsa34/lib/python3.10/site-packages/egsa34-0.0.0-py3.10.egg-info/top_level.txt
/home/egsa/EGSA34_PLD/install/egsa34/lib/python3.10/site-packages/egsa34-0.0.0-py3.10.egg-info/requires.txt
/home/egsa/EGSA34_PLD/install/egsa34/lib/python3.10/site-packages/egsa34-0.0.0-py3.10.egg-info/PKG-INFO
/home/egsa/EGSA34_PLD/install/egsa34/lib/python3.10/site-packages/egsa34-0.0.0-py3.10.egg-info/zip-safe
/home/egsa/EGSA34_PLD/install/egsa34/lib/egsa34/bus_interface
/home/egsa/EGSA34_PLD/install/egsa34/lib/egsa34/cmd_handler
/home/egsa/EGSA34_PLD/install/egsa34/lib/egsa34/emulator
