running egg_info
creating ../../build/egsa34/egsa34.egg-info
writing ../../build/egsa34/egsa34.egg-info/PKG-INFO
writing dependency_links to ../../build/egsa34/egsa34.egg-info/dependency_links.txt
writing entry points to ../../build/egsa34/egsa34.egg-info/entry_points.txt
writing requirements to ../../build/egsa34/egsa34.egg-info/requires.txt
writing top-level names to ../../build/egsa34/egsa34.egg-info/top_level.txt
writing manifest file '../../build/egsa34/egsa34.egg-info/SOURCES.txt'
reading manifest file '../../build/egsa34/egsa34.egg-info/SOURCES.txt'
writing manifest file '../../build/egsa34/egsa34.egg-info/SOURCES.txt'
running build
running build_py
creating /home/egsa/EGSA34_PLD/build/egsa34/build
creating /home/egsa/EGSA34_PLD/build/egsa34/build/lib
creating /home/egsa/EGSA34_PLD/build/egsa34/build/lib/egsa34
copying egsa34/log_level.py -> /home/egsa/EGSA34_PLD/build/egsa34/build/lib/egsa34
copying egsa34/cmd_handler.py -> /home/egsa/EGSA34_PLD/build/egsa34/build/lib/egsa34
copying egsa34/emulator.py -> /home/egsa/EGSA34_PLD/build/egsa34/build/lib/egsa34
copying egsa34/__init__.py -> /home/egsa/EGSA34_PLD/build/egsa34/build/lib/egsa34
copying egsa34/ssp.py -> /home/egsa/EGSA34_PLD/build/egsa34/build/lib/egsa34
copying egsa34/bus_interface.py -> /home/egsa/EGSA34_PLD/build/egsa34/build/lib/egsa34
copying egsa34/ssp_config.py -> /home/egsa/EGSA34_PLD/build/egsa34/build/lib/egsa34
running install
running install_lib
creating /home/egsa/EGSA34_PLD/install/egsa34/lib/python3.10/site-packages/egsa34
copying /home/egsa/EGSA34_PLD/build/egsa34/build/lib/egsa34/log_level.py -> /home/egsa/EGSA34_PLD/install/egsa34/lib/python3.10/site-packages/egsa34
copying /home/egsa/EGSA34_PLD/build/egsa34/build/lib/egsa34/cmd_handler.py -> /home/egsa/EGSA34_PLD/install/egsa34/lib/python3.10/site-packages/egsa34
copying /home/egsa/EGSA34_PLD/build/egsa34/build/lib/egsa34/emulator.py -> /home/egsa/EGSA34_PLD/install/egsa34/lib/python3.10/site-packages/egsa34
copying /home/egsa/EGSA34_PLD/build/egsa34/build/lib/egsa34/__init__.py -> /home/egsa/EGSA34_PLD/install/egsa34/lib/python3.10/site-packages/egsa34
copying /home/egsa/EGSA34_PLD/build/egsa34/build/lib/egsa34/ssp.py -> /home/egsa/EGSA34_PLD/install/egsa34/lib/python3.10/site-packages/egsa34
copying /home/egsa/EGSA34_PLD/build/egsa34/build/lib/egsa34/bus_interface.py -> /home/egsa/EGSA34_PLD/install/egsa34/lib/python3.10/site-packages/egsa34
copying /home/egsa/EGSA34_PLD/build/egsa34/build/lib/egsa34/ssp_config.py -> /home/egsa/EGSA34_PLD/install/egsa34/lib/python3.10/site-packages/egsa34
byte-compiling /home/egsa/EGSA34_PLD/install/egsa34/lib/python3.10/site-packages/egsa34/log_level.py to log_level.cpython-310.pyc
byte-compiling /home/egsa/EGSA34_PLD/install/egsa34/lib/python3.10/site-packages/egsa34/cmd_handler.py to cmd_handler.cpython-310.pyc
byte-compiling /home/egsa/EGSA34_PLD/install/egsa34/lib/python3.10/site-packages/egsa34/emulator.py to emulator.cpython-310.pyc
byte-compiling /home/egsa/EGSA34_PLD/install/egsa34/lib/python3.10/site-packages/egsa34/__init__.py to __init__.cpython-310.pyc
byte-compiling /home/egsa/EGSA34_PLD/install/egsa34/lib/python3.10/site-packages/egsa34/ssp.py to ssp.cpython-310.pyc
byte-compiling /home/egsa/EGSA34_PLD/install/egsa34/lib/python3.10/site-packages/egsa34/bus_interface.py to bus_interface.cpython-310.pyc
byte-compiling /home/egsa/EGSA34_PLD/install/egsa34/lib/python3.10/site-packages/egsa34/ssp_config.py to ssp_config.cpython-310.pyc
running install_data
creating /home/egsa/EGSA34_PLD/install/egsa34/share/ament_index
creating /home/egsa/EGSA34_PLD/install/egsa34/share/ament_index/resource_index
creating /home/egsa/EGSA34_PLD/install/egsa34/share/ament_index/resource_index/packages
copying resource/egsa34 -> /home/egsa/EGSA34_PLD/install/egsa34/share/ament_index/resource_index/packages
copying package.xml -> /home/egsa/EGSA34_PLD/install/egsa34/share/egsa34
creating /home/egsa/EGSA34_PLD/install/egsa34/share/egsa34/launch
copying launch/egsa34.launch.py -> /home/egsa/EGSA34_PLD/install/egsa34/share/egsa34/launch
creating /home/egsa/EGSA34_PLD/install/egsa34/share/egsa34/config
copying config/config.yaml -> /home/egsa/EGSA34_PLD/install/egsa34/share/egsa34/config
running install_egg_info
Copying ../../build/egsa34/egsa34.egg-info to /home/egsa/EGSA34_PLD/install/egsa34/lib/python3.10/site-packages/egsa34-0.0.0-py3.10.egg-info
running install_scripts
Installing bus_interface script to /home/egsa/EGSA34_PLD/install/egsa34/lib/egsa34
Installing cmd_handler script to /home/egsa/EGSA34_PLD/install/egsa34/lib/egsa34
Installing emulator script to /home/egsa/EGSA34_PLD/install/egsa34/lib/egsa34
writing list of installed files to '/home/egsa/EGSA34_PLD/build/egsa34/install.log'
