-- The C compiler identification is GNU 11.4.0
-- The CXX compiler identification is GNU 11.4.0
-- Detecting C compiler ABI info
-- Detecting C compiler ABI info - done
-- Check for working C compiler: /usr/bin/cc - skipped
-- Detecting C compile features
-- Detecting C compile features - done
-- Detecting CXX compiler ABI info
-- Detecting CXX compiler ABI info - done
-- Check for working CXX compiler: /usr/bin/c++ - skipped
-- Detecting CXX compile features
-- Detecting CXX compile features - done
-- Found ament_cmake: 1.3.5 (/opt/ros/humble/share/ament_cmake/cmake)
-- Found Python3: /usr/bin/python3.10 (found version "3.10.12") found components: Interpreter 
[33mCMake Warning at CMakeLists.txt:14 (find_package):
  By not providing "FindREQUIRED.cmake" in CMAKE_MODULE_PATH this project has
  asked CMake to find a package configuration file provided by "REQUIRED",
  but CMake did not find one.

  Could not find a package configuration file provided by "REQUIRED" with any
  of the following names:

    REQUIREDConfig.cmake
    required-config.cmake

  Add the installation prefix of "REQUIRED" to CMAKE_PREFIX_PATH or set
  "REQUIRED_DIR" to a directory containing one of the above files.  If
  "REQUIRED" provides a separate development package or SDK, be sure it has
  been installed.

[0m
-- Found rosidl_default_generators: 1.2.0 (/opt/ros/humble/share/rosidl_default_generators/cmake)
-- Using all available rosidl_typesupport_c: rosidl_typesupport_fastrtps_c;rosidl_typesupport_introspection_c
-- Found rosidl_adapter: 3.1.5 (/opt/ros/humble/share/rosidl_adapter/cmake)
-- Using all available rosidl_typesupport_cpp: rosidl_typesupport_fastrtps_cpp;rosidl_typesupport_introspection_cpp
-- Found ament_cmake_ros: 0.10.0 (/opt/ros/humble/share/ament_cmake_ros/cmake)
-- Using all available rosidl_typesupport_c: rosidl_typesupport_fastrtps_c;rosidl_typesupport_introspection_c
-- Using all available rosidl_typesupport_cpp: rosidl_typesupport_fastrtps_cpp;rosidl_typesupport_introspection_cpp
-- Found PythonInterp: /usr/bin/python3 (found suitable version "3.10.12", minimum required is "3.6") 
-- Found python_cmake_module: 0.10.0 (/opt/ros/humble/share/python_cmake_module/cmake)
-- Found PythonLibs: /usr/lib/aarch64-linux-gnu/libpython3.10.so (found suitable version "3.10.12", minimum required is "3.5") 
-- Using PYTHON_EXECUTABLE: /usr/bin/python3
-- Using PYTHON_INCLUDE_DIRS: /usr/include/python3.10
-- Using PYTHON_LIBRARIES: /usr/lib/aarch64-linux-gnu/libpython3.10.so
-- Found PythonExtra: .so  
-- Found ament_lint_auto: 0.12.8 (/opt/ros/humble/share/ament_lint_auto/cmake)
-- Added test 'lint_cmake' to check CMake code style
-- Added test 'xmllint' to check XML markup files
-- Configuring done
-- Generating done
-- Build files have been written to: /home/egsa/EGSA34_PLD/build/pl_interface
[  2%] [34m[1mGenerating C code for ROS interfaces[0m
[  4%] [34m[1mGenerating C++ code for ROS interfaces[0m
[  4%] Built target ament_cmake_python_copy_pl_interface
running egg_info
creating pl_interface.egg-info
writing pl_interface.egg-info/PKG-INFO
writing dependency_links to pl_interface.egg-info/dependency_links.txt
writing top-level names to pl_interface.egg-info/top_level.txt
writing manifest file 'pl_interface.egg-info/SOURCES.txt'
reading manifest file 'pl_interface.egg-info/SOURCES.txt'
writing manifest file 'pl_interface.egg-info/SOURCES.txt'
[  4%] Built target ament_cmake_python_build_pl_interface_egg
[  4%] Built target pl_interface__cpp
[  6%] [34m[1mGenerating C++ type support dispatch for ROS interfaces[0m
[  8%] [34m[1mGenerating C++ type support for eProsima Fast-RTPS[0m
[ 10%] [34m[1mGenerating C++ introspection for ROS interfaces[0m
[ 12%] [32mBuilding C object CMakeFiles/pl_interface__rosidl_generator_c.dir/rosidl_generator_c/pl_interface/msg/detail/bus_cmd__functions.c.o[0m
[ 14%] [32mBuilding C object CMakeFiles/pl_interface__rosidl_generator_c.dir/rosidl_generator_c/pl_interface/msg/detail/bus_reply__functions.c.o[0m
[ 17%] [32mBuilding C object CMakeFiles/pl_interface__rosidl_generator_c.dir/rosidl_generator_c/pl_interface/srv/detail/bus_reply__functions.c.o[0m
[ 19%] [32m[1mLinking C shared library libpl_interface__rosidl_generator_c.so[0m
[ 19%] Built target pl_interface__rosidl_generator_c
[ 21%] [34m[1mGenerating C type support for eProsima Fast-RTPS[0m
[ 23%] [32mBuilding CXX object CMakeFiles/pl_interface__rosidl_typesupport_cpp.dir/rosidl_typesupport_cpp/pl_interface/msg/bus_cmd__type_support.cpp.o[0m
[ 25%] [32mBuilding CXX object CMakeFiles/pl_interface__rosidl_typesupport_introspection_cpp.dir/rosidl_typesupport_introspection_cpp/pl_interface/msg/detail/bus_cmd__type_support.cpp.o[0m
[ 27%] [32mBuilding CXX object CMakeFiles/pl_interface__rosidl_typesupport_fastrtps_cpp.dir/rosidl_typesupport_fastrtps_cpp/pl_interface/msg/detail/dds_fastrtps/bus_cmd__type_support.cpp.o[0m
[ 29%] [32mBuilding CXX object CMakeFiles/pl_interface__rosidl_typesupport_cpp.dir/rosidl_typesupport_cpp/pl_interface/msg/bus_reply__type_support.cpp.o[0m
[ 31%] [32mBuilding CXX object CMakeFiles/pl_interface__rosidl_typesupport_fastrtps_c.dir/rosidl_typesupport_fastrtps_c/pl_interface/msg/detail/bus_cmd__type_support_c.cpp.o[0m
[ 34%] [32mBuilding CXX object CMakeFiles/pl_interface__rosidl_typesupport_introspection_cpp.dir/rosidl_typesupport_introspection_cpp/pl_interface/msg/detail/bus_reply__type_support.cpp.o[0m
[ 36%] [32mBuilding CXX object CMakeFiles/pl_interface__rosidl_typesupport_fastrtps_cpp.dir/rosidl_typesupport_fastrtps_cpp/pl_interface/msg/detail/dds_fastrtps/bus_reply__type_support.cpp.o[0m
[ 38%] [32mBuilding CXX object CMakeFiles/pl_interface__rosidl_typesupport_cpp.dir/rosidl_typesupport_cpp/pl_interface/srv/bus_reply__type_support.cpp.o[0m
[ 40%] [32mBuilding CXX object CMakeFiles/pl_interface__rosidl_typesupport_fastrtps_c.dir/rosidl_typesupport_fastrtps_c/pl_interface/msg/detail/bus_reply__type_support_c.cpp.o[0m
[ 42%] [32m[1mLinking CXX shared library libpl_interface__rosidl_typesupport_cpp.so[0m
[ 44%] [32mBuilding CXX object CMakeFiles/pl_interface__rosidl_typesupport_introspection_cpp.dir/rosidl_typesupport_introspection_cpp/pl_interface/srv/detail/bus_reply__type_support.cpp.o[0m
[ 44%] Built target pl_interface__rosidl_typesupport_cpp
[ 46%] [34m[1mGenerating C introspection for ROS interfaces[0m
[ 48%] [32mBuilding CXX object CMakeFiles/pl_interface__rosidl_typesupport_fastrtps_cpp.dir/rosidl_typesupport_fastrtps_cpp/pl_interface/srv/detail/dds_fastrtps/bus_reply__type_support.cpp.o[0m
[ 51%] [32mBuilding CXX object CMakeFiles/pl_interface__rosidl_typesupport_fastrtps_c.dir/rosidl_typesupport_fastrtps_c/pl_interface/srv/detail/bus_reply__type_support_c.cpp.o[0m
[ 53%] [32mBuilding C object CMakeFiles/pl_interface__rosidl_typesupport_introspection_c.dir/rosidl_typesupport_introspection_c/pl_interface/msg/detail/bus_cmd__type_support.c.o[0m
[ 55%] [32mBuilding C object CMakeFiles/pl_interface__rosidl_typesupport_introspection_c.dir/rosidl_typesupport_introspection_c/pl_interface/msg/detail/bus_reply__type_support.c.o[0m
[ 57%] [32m[1mLinking CXX shared library libpl_interface__rosidl_typesupport_introspection_cpp.so[0m
[ 59%] [32mBuilding C object CMakeFiles/pl_interface__rosidl_typesupport_introspection_c.dir/rosidl_typesupport_introspection_c/pl_interface/srv/detail/bus_reply__type_support.c.o[0m
[ 61%] [32m[1mLinking CXX shared library libpl_interface__rosidl_typesupport_fastrtps_c.so[0m
[ 61%] Built target pl_interface__rosidl_typesupport_introspection_cpp
[ 63%] [34m[1mGenerating C type support dispatch for ROS interfaces[0m
[ 65%] [32m[1mLinking C shared library libpl_interface__rosidl_typesupport_introspection_c.so[0m
[ 65%] Built target pl_interface__rosidl_typesupport_introspection_c
[ 65%] Built target pl_interface__rosidl_typesupport_fastrtps_c
[ 68%] [32m[1mLinking CXX shared library libpl_interface__rosidl_typesupport_fastrtps_cpp.so[0m
[ 68%] Built target pl_interface__rosidl_typesupport_fastrtps_cpp
[ 72%] [32mBuilding CXX object CMakeFiles/pl_interface__rosidl_typesupport_c.dir/rosidl_typesupport_c/pl_interface/msg/bus_reply__type_support.cpp.o[0m
[ 74%] [32mBuilding CXX object CMakeFiles/pl_interface__rosidl_typesupport_c.dir/rosidl_typesupport_c/pl_interface/msg/bus_cmd__type_support.cpp.o[0m
[ 74%] [32mBuilding CXX object CMakeFiles/pl_interface__rosidl_typesupport_c.dir/rosidl_typesupport_c/pl_interface/srv/bus_reply__type_support.cpp.o[0m
[ 76%] [32m[1mLinking CXX shared library libpl_interface__rosidl_typesupport_c.so[0m
[ 76%] Built target pl_interface__rosidl_typesupport_c
[ 76%] Built target pl_interface
[ 78%] [34m[1mGenerating Python code for ROS interfaces[0m
[ 78%] Built target pl_interface__py
[ 80%] [32mBuilding C object CMakeFiles/pl_interface__rosidl_generator_py.dir/rosidl_generator_py/pl_interface/msg/_bus_cmd_s.c.o[0m
[ 82%] [32mBuilding C object CMakeFiles/pl_interface__rosidl_generator_py.dir/rosidl_generator_py/pl_interface/msg/_bus_reply_s.c.o[0m
[ 85%] [32mBuilding C object CMakeFiles/pl_interface__rosidl_generator_py.dir/rosidl_generator_py/pl_interface/srv/_bus_reply_s.c.o[0m
[ 87%] [32m[1mLinking C shared library rosidl_generator_py/pl_interface/libpl_interface__rosidl_generator_py.so[0m
[ 87%] Built target pl_interface__rosidl_generator_py
[ 91%] [32mBuilding C object CMakeFiles/pl_interface__rosidl_typesupport_introspection_c__pyext.dir/rosidl_generator_py/pl_interface/_pl_interface_s.ep.rosidl_typesupport_introspection_c.c.o[0m
[ 91%] [32mBuilding C object CMakeFiles/pl_interface__rosidl_typesupport_fastrtps_c__pyext.dir/rosidl_generator_py/pl_interface/_pl_interface_s.ep.rosidl_typesupport_fastrtps_c.c.o[0m
[ 93%] [32mBuilding C object CMakeFiles/pl_interface__rosidl_typesupport_c__pyext.dir/rosidl_generator_py/pl_interface/_pl_interface_s.ep.rosidl_typesupport_c.c.o[0m
[ 95%] [32m[1mLinking C shared library rosidl_generator_py/pl_interface/pl_interface_s__rosidl_typesupport_c.cpython-310-aarch64-linux-gnu.so[0m
[ 97%] [32m[1mLinking C shared library rosidl_generator_py/pl_interface/pl_interface_s__rosidl_typesupport_introspection_c.cpython-310-aarch64-linux-gnu.so[0m
[100%] [32m[1mLinking C shared library rosidl_generator_py/pl_interface/pl_interface_s__rosidl_typesupport_fastrtps_c.cpython-310-aarch64-linux-gnu.so[0m
[100%] Built target pl_interface__rosidl_typesupport_c__pyext
[100%] Built target pl_interface__rosidl_typesupport_introspection_c__pyext
[100%] Built target pl_interface__rosidl_typesupport_fastrtps_c__pyext
-- Install configuration: ""
-- Installing: /home/egsa/EGSA34_PLD/install/pl_interface/share/ament_index/resource_index/rosidl_interfaces/pl_interface
-- Installing: /home/egsa/EGSA34_PLD/install/pl_interface/include/pl_interface/pl_interface
-- Installing: /home/egsa/EGSA34_PLD/install/pl_interface/include/pl_interface/pl_interface/msg
-- Installing: /home/egsa/EGSA34_PLD/install/pl_interface/include/pl_interface/pl_interface/msg/bus_cmd.h
-- Installing: /home/egsa/EGSA34_PLD/install/pl_interface/include/pl_interface/pl_interface/msg/detail
-- Installing: /home/egsa/EGSA34_PLD/install/pl_interface/include/pl_interface/pl_interface/msg/detail/bus_reply__struct.h
-- Installing: /home/egsa/EGSA34_PLD/install/pl_interface/include/pl_interface/pl_interface/msg/detail/bus_cmd__functions.h
-- Installing: /home/egsa/EGSA34_PLD/install/pl_interface/include/pl_interface/pl_interface/msg/detail/bus_reply__functions.c
-- Installing: /home/egsa/EGSA34_PLD/install/pl_interface/include/pl_interface/pl_interface/msg/detail/bus_cmd__type_support.h
-- Installing: /home/egsa/EGSA34_PLD/install/pl_interface/include/pl_interface/pl_interface/msg/detail/bus_reply__functions.h
-- Installing: /home/egsa/EGSA34_PLD/install/pl_interface/include/pl_interface/pl_interface/msg/detail/bus_cmd__struct.h
-- Installing: /home/egsa/EGSA34_PLD/install/pl_interface/include/pl_interface/pl_interface/msg/detail/bus_reply__type_support.h
-- Installing: /home/egsa/EGSA34_PLD/install/pl_interface/include/pl_interface/pl_interface/msg/detail/bus_cmd__functions.c
-- Installing: /home/egsa/EGSA34_PLD/install/pl_interface/include/pl_interface/pl_interface/msg/rosidl_generator_c__visibility_control.h
-- Installing: /home/egsa/EGSA34_PLD/install/pl_interface/include/pl_interface/pl_interface/msg/bus_reply.h
-- Installing: /home/egsa/EGSA34_PLD/install/pl_interface/include/pl_interface/pl_interface/srv
-- Installing: /home/egsa/EGSA34_PLD/install/pl_interface/include/pl_interface/pl_interface/srv/detail
-- Installing: /home/egsa/EGSA34_PLD/install/pl_interface/include/pl_interface/pl_interface/srv/detail/bus_reply__struct.h
-- Installing: /home/egsa/EGSA34_PLD/install/pl_interface/include/pl_interface/pl_interface/srv/detail/bus_reply__functions.c
-- Installing: /home/egsa/EGSA34_PLD/install/pl_interface/include/pl_interface/pl_interface/srv/detail/bus_reply__functions.h
-- Installing: /home/egsa/EGSA34_PLD/install/pl_interface/include/pl_interface/pl_interface/srv/detail/bus_reply__type_support.h
-- Installing: /home/egsa/EGSA34_PLD/install/pl_interface/include/pl_interface/pl_interface/srv/bus_reply.h
-- Installing: /home/egsa/EGSA34_PLD/install/pl_interface/share/pl_interface/environment/library_path.sh
-- Installing: /home/egsa/EGSA34_PLD/install/pl_interface/share/pl_interface/environment/library_path.dsv
-- Installing: /home/egsa/EGSA34_PLD/install/pl_interface/lib/libpl_interface__rosidl_generator_c.so
-- Set runtime path of "/home/egsa/EGSA34_PLD/install/pl_interface/lib/libpl_interface__rosidl_generator_c.so" to ""
-- Up-to-date: /home/egsa/EGSA34_PLD/install/pl_interface/include/pl_interface/pl_interface
-- Up-to-date: /home/egsa/EGSA34_PLD/install/pl_interface/include/pl_interface/pl_interface/msg
-- Up-to-date: /home/egsa/EGSA34_PLD/install/pl_interface/include/pl_interface/pl_interface/msg/detail
-- Installing: /home/egsa/EGSA34_PLD/install/pl_interface/include/pl_interface/pl_interface/msg/detail/bus_reply__rosidl_typesupport_fastrtps_c.h
-- Installing: /home/egsa/EGSA34_PLD/install/pl_interface/include/pl_interface/pl_interface/msg/detail/bus_cmd__rosidl_typesupport_fastrtps_c.h
-- Installing: /home/egsa/EGSA34_PLD/install/pl_interface/include/pl_interface/pl_interface/msg/rosidl_typesupport_fastrtps_c__visibility_control.h
-- Up-to-date: /home/egsa/EGSA34_PLD/install/pl_interface/include/pl_interface/pl_interface/srv
-- Up-to-date: /home/egsa/EGSA34_PLD/install/pl_interface/include/pl_interface/pl_interface/srv/detail
-- Installing: /home/egsa/EGSA34_PLD/install/pl_interface/include/pl_interface/pl_interface/srv/detail/bus_reply__rosidl_typesupport_fastrtps_c.h
-- Installing: /home/egsa/EGSA34_PLD/install/pl_interface/lib/libpl_interface__rosidl_typesupport_fastrtps_c.so
-- Set runtime path of "/home/egsa/EGSA34_PLD/install/pl_interface/lib/libpl_interface__rosidl_typesupport_fastrtps_c.so" to ""
-- Up-to-date: /home/egsa/EGSA34_PLD/install/pl_interface/include/pl_interface/pl_interface
-- Up-to-date: /home/egsa/EGSA34_PLD/install/pl_interface/include/pl_interface/pl_interface/msg
-- Installing: /home/egsa/EGSA34_PLD/install/pl_interface/include/pl_interface/pl_interface/msg/rosidl_typesupport_introspection_c__visibility_control.h
-- Up-to-date: /home/egsa/EGSA34_PLD/install/pl_interface/include/pl_interface/pl_interface/msg/detail
-- Installing: /home/egsa/EGSA34_PLD/install/pl_interface/include/pl_interface/pl_interface/msg/detail/bus_cmd__type_support.c
-- Installing: /home/egsa/EGSA34_PLD/install/pl_interface/include/pl_interface/pl_interface/msg/detail/bus_cmd__rosidl_typesupport_introspection_c.h
-- Installing: /home/egsa/EGSA34_PLD/install/pl_interface/include/pl_interface/pl_interface/msg/detail/bus_reply__type_support.c
-- Installing: /home/egsa/EGSA34_PLD/install/pl_interface/include/pl_interface/pl_interface/msg/detail/bus_reply__rosidl_typesupport_introspection_c.h
-- Up-to-date: /home/egsa/EGSA34_PLD/install/pl_interface/include/pl_interface/pl_interface/srv
-- Up-to-date: /home/egsa/EGSA34_PLD/install/pl_interface/include/pl_interface/pl_interface/srv/detail
-- Installing: /home/egsa/EGSA34_PLD/install/pl_interface/include/pl_interface/pl_interface/srv/detail/bus_reply__type_support.c
-- Installing: /home/egsa/EGSA34_PLD/install/pl_interface/include/pl_interface/pl_interface/srv/detail/bus_reply__rosidl_typesupport_introspection_c.h
-- Installing: /home/egsa/EGSA34_PLD/install/pl_interface/lib/libpl_interface__rosidl_typesupport_introspection_c.so
-- Set runtime path of "/home/egsa/EGSA34_PLD/install/pl_interface/lib/libpl_interface__rosidl_typesupport_introspection_c.so" to ""
-- Installing: /home/egsa/EGSA34_PLD/install/pl_interface/lib/libpl_interface__rosidl_typesupport_c.so
-- Set runtime path of "/home/egsa/EGSA34_PLD/install/pl_interface/lib/libpl_interface__rosidl_typesupport_c.so" to ""
-- Up-to-date: /home/egsa/EGSA34_PLD/install/pl_interface/include/pl_interface/pl_interface
-- Up-to-date: /home/egsa/EGSA34_PLD/install/pl_interface/include/pl_interface/pl_interface/msg
-- Installing: /home/egsa/EGSA34_PLD/install/pl_interface/include/pl_interface/pl_interface/msg/bus_reply.hpp
-- Up-to-date: /home/egsa/EGSA34_PLD/install/pl_interface/include/pl_interface/pl_interface/msg/detail
-- Installing: /home/egsa/EGSA34_PLD/install/pl_interface/include/pl_interface/pl_interface/msg/detail/bus_reply__builder.hpp
-- Installing: /home/egsa/EGSA34_PLD/install/pl_interface/include/pl_interface/pl_interface/msg/detail/bus_reply__struct.hpp
-- Installing: /home/egsa/EGSA34_PLD/install/pl_interface/include/pl_interface/pl_interface/msg/detail/bus_reply__traits.hpp
-- Installing: /home/egsa/EGSA34_PLD/install/pl_interface/include/pl_interface/pl_interface/msg/detail/bus_cmd__traits.hpp
-- Installing: /home/egsa/EGSA34_PLD/install/pl_interface/include/pl_interface/pl_interface/msg/detail/bus_cmd__struct.hpp
-- Installing: /home/egsa/EGSA34_PLD/install/pl_interface/include/pl_interface/pl_interface/msg/detail/bus_cmd__builder.hpp
-- Installing: /home/egsa/EGSA34_PLD/install/pl_interface/include/pl_interface/pl_interface/msg/bus_cmd.hpp
-- Up-to-date: /home/egsa/EGSA34_PLD/install/pl_interface/include/pl_interface/pl_interface/srv
-- Installing: /home/egsa/EGSA34_PLD/install/pl_interface/include/pl_interface/pl_interface/srv/bus_reply.hpp
-- Up-to-date: /home/egsa/EGSA34_PLD/install/pl_interface/include/pl_interface/pl_interface/srv/detail
-- Installing: /home/egsa/EGSA34_PLD/install/pl_interface/include/pl_interface/pl_interface/srv/detail/bus_reply__builder.hpp
-- Installing: /home/egsa/EGSA34_PLD/install/pl_interface/include/pl_interface/pl_interface/srv/detail/bus_reply__struct.hpp
-- Installing: /home/egsa/EGSA34_PLD/install/pl_interface/include/pl_interface/pl_interface/srv/detail/bus_reply__traits.hpp
-- Up-to-date: /home/egsa/EGSA34_PLD/install/pl_interface/include/pl_interface/pl_interface
-- Up-to-date: /home/egsa/EGSA34_PLD/install/pl_interface/include/pl_interface/pl_interface/msg
-- Up-to-date: /home/egsa/EGSA34_PLD/install/pl_interface/include/pl_interface/pl_interface/msg/detail
-- Installing: /home/egsa/EGSA34_PLD/install/pl_interface/include/pl_interface/pl_interface/msg/detail/bus_reply__rosidl_typesupport_fastrtps_cpp.hpp
-- Installing: /home/egsa/EGSA34_PLD/install/pl_interface/include/pl_interface/pl_interface/msg/detail/dds_fastrtps
-- Installing: /home/egsa/EGSA34_PLD/install/pl_interface/include/pl_interface/pl_interface/msg/detail/bus_cmd__rosidl_typesupport_fastrtps_cpp.hpp
-- Installing: /home/egsa/EGSA34_PLD/install/pl_interface/include/pl_interface/pl_interface/msg/rosidl_typesupport_fastrtps_cpp__visibility_control.h
-- Up-to-date: /home/egsa/EGSA34_PLD/install/pl_interface/include/pl_interface/pl_interface/srv
-- Up-to-date: /home/egsa/EGSA34_PLD/install/pl_interface/include/pl_interface/pl_interface/srv/detail
-- Installing: /home/egsa/EGSA34_PLD/install/pl_interface/include/pl_interface/pl_interface/srv/detail/bus_reply__rosidl_typesupport_fastrtps_cpp.hpp
-- Installing: /home/egsa/EGSA34_PLD/install/pl_interface/include/pl_interface/pl_interface/srv/detail/dds_fastrtps
-- Installing: /home/egsa/EGSA34_PLD/install/pl_interface/lib/libpl_interface__rosidl_typesupport_fastrtps_cpp.so
-- Set runtime path of "/home/egsa/EGSA34_PLD/install/pl_interface/lib/libpl_interface__rosidl_typesupport_fastrtps_cpp.so" to ""
-- Up-to-date: /home/egsa/EGSA34_PLD/install/pl_interface/include/pl_interface/pl_interface
-- Up-to-date: /home/egsa/EGSA34_PLD/install/pl_interface/include/pl_interface/pl_interface/msg
-- Up-to-date: /home/egsa/EGSA34_PLD/install/pl_interface/include/pl_interface/pl_interface/msg/detail
-- Installing: /home/egsa/EGSA34_PLD/install/pl_interface/include/pl_interface/pl_interface/msg/detail/bus_cmd__rosidl_typesupport_introspection_cpp.hpp
-- Installing: /home/egsa/EGSA34_PLD/install/pl_interface/include/pl_interface/pl_interface/msg/detail/bus_reply__rosidl_typesupport_introspection_cpp.hpp
-- Installing: /home/egsa/EGSA34_PLD/install/pl_interface/include/pl_interface/pl_interface/msg/detail/bus_reply__type_support.cpp
-- Installing: /home/egsa/EGSA34_PLD/install/pl_interface/include/pl_interface/pl_interface/msg/detail/bus_cmd__type_support.cpp
-- Up-to-date: /home/egsa/EGSA34_PLD/install/pl_interface/include/pl_interface/pl_interface/srv
-- Up-to-date: /home/egsa/EGSA34_PLD/install/pl_interface/include/pl_interface/pl_interface/srv/detail
-- Installing: /home/egsa/EGSA34_PLD/install/pl_interface/include/pl_interface/pl_interface/srv/detail/bus_reply__rosidl_typesupport_introspection_cpp.hpp
-- Installing: /home/egsa/EGSA34_PLD/install/pl_interface/include/pl_interface/pl_interface/srv/detail/bus_reply__type_support.cpp
-- Installing: /home/egsa/EGSA34_PLD/install/pl_interface/lib/libpl_interface__rosidl_typesupport_introspection_cpp.so
-- Set runtime path of "/home/egsa/EGSA34_PLD/install/pl_interface/lib/libpl_interface__rosidl_typesupport_introspection_cpp.so" to ""
-- Installing: /home/egsa/EGSA34_PLD/install/pl_interface/lib/libpl_interface__rosidl_typesupport_cpp.so
-- Set runtime path of "/home/egsa/EGSA34_PLD/install/pl_interface/lib/libpl_interface__rosidl_typesupport_cpp.so" to ""
-- Installing: /home/egsa/EGSA34_PLD/install/pl_interface/share/pl_interface/environment/pythonpath.sh
-- Installing: /home/egsa/EGSA34_PLD/install/pl_interface/share/pl_interface/environment/pythonpath.dsv
-- Installing: /home/egsa/EGSA34_PLD/install/pl_interface/local/lib/python3.10/dist-packages/pl_interface-0.0.0-py3.10.egg-info
-- Installing: /home/egsa/EGSA34_PLD/install/pl_interface/local/lib/python3.10/dist-packages/pl_interface-0.0.0-py3.10.egg-info/dependency_links.txt
-- Installing: /home/egsa/EGSA34_PLD/install/pl_interface/local/lib/python3.10/dist-packages/pl_interface-0.0.0-py3.10.egg-info/SOURCES.txt
-- Installing: /home/egsa/EGSA34_PLD/install/pl_interface/local/lib/python3.10/dist-packages/pl_interface-0.0.0-py3.10.egg-info/top_level.txt
-- Installing: /home/egsa/EGSA34_PLD/install/pl_interface/local/lib/python3.10/dist-packages/pl_interface-0.0.0-py3.10.egg-info/PKG-INFO
-- Installing: /home/egsa/EGSA34_PLD/install/pl_interface/local/lib/python3.10/dist-packages/pl_interface
-- Installing: /home/egsa/EGSA34_PLD/install/pl_interface/local/lib/python3.10/dist-packages/pl_interface/_pl_interface_s.ep.rosidl_typesupport_c.c
-- Installing: /home/egsa/EGSA34_PLD/install/pl_interface/local/lib/python3.10/dist-packages/pl_interface/msg
-- Installing: /home/egsa/EGSA34_PLD/install/pl_interface/local/lib/python3.10/dist-packages/pl_interface/msg/_bus_reply.py
-- Installing: /home/egsa/EGSA34_PLD/install/pl_interface/local/lib/python3.10/dist-packages/pl_interface/msg/_bus_cmd.py
-- Installing: /home/egsa/EGSA34_PLD/install/pl_interface/local/lib/python3.10/dist-packages/pl_interface/msg/_bus_reply_s.c
-- Installing: /home/egsa/EGSA34_PLD/install/pl_interface/local/lib/python3.10/dist-packages/pl_interface/msg/_bus_cmd_s.c
-- Installing: /home/egsa/EGSA34_PLD/install/pl_interface/local/lib/python3.10/dist-packages/pl_interface/msg/__init__.py
-- Installing: /home/egsa/EGSA34_PLD/install/pl_interface/local/lib/python3.10/dist-packages/pl_interface/srv
-- Installing: /home/egsa/EGSA34_PLD/install/pl_interface/local/lib/python3.10/dist-packages/pl_interface/srv/_bus_reply.py
-- Installing: /home/egsa/EGSA34_PLD/install/pl_interface/local/lib/python3.10/dist-packages/pl_interface/srv/_bus_reply_s.c
-- Installing: /home/egsa/EGSA34_PLD/install/pl_interface/local/lib/python3.10/dist-packages/pl_interface/srv/__init__.py
-- Installing: /home/egsa/EGSA34_PLD/install/pl_interface/local/lib/python3.10/dist-packages/pl_interface/__init__.py
-- Installing: /home/egsa/EGSA34_PLD/install/pl_interface/local/lib/python3.10/dist-packages/pl_interface/libpl_interface__rosidl_generator_py.so
-- Installing: /home/egsa/EGSA34_PLD/install/pl_interface/local/lib/python3.10/dist-packages/pl_interface/pl_interface_s__rosidl_typesupport_introspection_c.cpython-310-aarch64-linux-gnu.so
-- Installing: /home/egsa/EGSA34_PLD/install/pl_interface/local/lib/python3.10/dist-packages/pl_interface/pl_interface_s__rosidl_typesupport_c.cpython-310-aarch64-linux-gnu.so
-- Installing: /home/egsa/EGSA34_PLD/install/pl_interface/local/lib/python3.10/dist-packages/pl_interface/_pl_interface_s.ep.rosidl_typesupport_fastrtps_c.c
-- Installing: /home/egsa/EGSA34_PLD/install/pl_interface/local/lib/python3.10/dist-packages/pl_interface/_pl_interface_s.ep.rosidl_typesupport_introspection_c.c
-- Installing: /home/egsa/EGSA34_PLD/install/pl_interface/local/lib/python3.10/dist-packages/pl_interface/pl_interface_s__rosidl_typesupport_fastrtps_c.cpython-310-aarch64-linux-gnu.so
Listing '/home/egsa/EGSA34_PLD/install/pl_interface/local/lib/python3.10/dist-packages/pl_interface'...
Compiling '/home/egsa/EGSA34_PLD/install/pl_interface/local/lib/python3.10/dist-packages/pl_interface/__init__.py'...
Listing '/home/egsa/EGSA34_PLD/install/pl_interface/local/lib/python3.10/dist-packages/pl_interface/msg'...
Compiling '/home/egsa/EGSA34_PLD/install/pl_interface/local/lib/python3.10/dist-packages/pl_interface/msg/__init__.py'...
Compiling '/home/egsa/EGSA34_PLD/install/pl_interface/local/lib/python3.10/dist-packages/pl_interface/msg/_bus_cmd.py'...
Compiling '/home/egsa/EGSA34_PLD/install/pl_interface/local/lib/python3.10/dist-packages/pl_interface/msg/_bus_reply.py'...
Listing '/home/egsa/EGSA34_PLD/install/pl_interface/local/lib/python3.10/dist-packages/pl_interface/srv'...
Compiling '/home/egsa/EGSA34_PLD/install/pl_interface/local/lib/python3.10/dist-packages/pl_interface/srv/__init__.py'...
Compiling '/home/egsa/EGSA34_PLD/install/pl_interface/local/lib/python3.10/dist-packages/pl_interface/srv/_bus_reply.py'...
-- Installing: /home/egsa/EGSA34_PLD/install/pl_interface/local/lib/python3.10/dist-packages/pl_interface/pl_interface_s__rosidl_typesupport_fastrtps_c.cpython-310-aarch64-linux-gnu.so
-- Set runtime path of "/home/egsa/EGSA34_PLD/install/pl_interface/local/lib/python3.10/dist-packages/pl_interface/pl_interface_s__rosidl_typesupport_fastrtps_c.cpython-310-aarch64-linux-gnu.so" to ""
-- Installing: /home/egsa/EGSA34_PLD/install/pl_interface/local/lib/python3.10/dist-packages/pl_interface/pl_interface_s__rosidl_typesupport_introspection_c.cpython-310-aarch64-linux-gnu.so
-- Set runtime path of "/home/egsa/EGSA34_PLD/install/pl_interface/local/lib/python3.10/dist-packages/pl_interface/pl_interface_s__rosidl_typesupport_introspection_c.cpython-310-aarch64-linux-gnu.so" to ""
-- Installing: /home/egsa/EGSA34_PLD/install/pl_interface/local/lib/python3.10/dist-packages/pl_interface/pl_interface_s__rosidl_typesupport_c.cpython-310-aarch64-linux-gnu.so
-- Set runtime path of "/home/egsa/EGSA34_PLD/install/pl_interface/local/lib/python3.10/dist-packages/pl_interface/pl_interface_s__rosidl_typesupport_c.cpython-310-aarch64-linux-gnu.so" to ""
-- Installing: /home/egsa/EGSA34_PLD/install/pl_interface/lib/libpl_interface__rosidl_generator_py.so
-- Set runtime path of "/home/egsa/EGSA34_PLD/install/pl_interface/lib/libpl_interface__rosidl_generator_py.so" to ""
-- Installing: /home/egsa/EGSA34_PLD/install/pl_interface/share/pl_interface/msg/BusCmd.idl
-- Installing: /home/egsa/EGSA34_PLD/install/pl_interface/share/pl_interface/msg/BusReply.idl
-- Installing: /home/egsa/EGSA34_PLD/install/pl_interface/share/pl_interface/srv/BusReply.idl
-- Installing: /home/egsa/EGSA34_PLD/install/pl_interface/share/pl_interface/msg/BusCmd.msg
-- Installing: /home/egsa/EGSA34_PLD/install/pl_interface/share/pl_interface/msg/BusReply.msg
-- Installing: /home/egsa/EGSA34_PLD/install/pl_interface/share/pl_interface/srv/BusReply.srv
-- Installing: /home/egsa/EGSA34_PLD/install/pl_interface/share/pl_interface/srv/BusReply_Request.msg
-- Installing: /home/egsa/EGSA34_PLD/install/pl_interface/share/pl_interface/srv/BusReply_Response.msg
-- Installing: /home/egsa/EGSA34_PLD/install/pl_interface/share/ament_index/resource_index/package_run_dependencies/pl_interface
-- Installing: /home/egsa/EGSA34_PLD/install/pl_interface/share/ament_index/resource_index/parent_prefix_path/pl_interface
-- Installing: /home/egsa/EGSA34_PLD/install/pl_interface/share/pl_interface/environment/ament_prefix_path.sh
-- Installing: /home/egsa/EGSA34_PLD/install/pl_interface/share/pl_interface/environment/ament_prefix_path.dsv
-- Installing: /home/egsa/EGSA34_PLD/install/pl_interface/share/pl_interface/environment/path.sh
-- Installing: /home/egsa/EGSA34_PLD/install/pl_interface/share/pl_interface/environment/path.dsv
-- Installing: /home/egsa/EGSA34_PLD/install/pl_interface/share/pl_interface/local_setup.bash
-- Installing: /home/egsa/EGSA34_PLD/install/pl_interface/share/pl_interface/local_setup.sh
-- Installing: /home/egsa/EGSA34_PLD/install/pl_interface/share/pl_interface/local_setup.zsh
-- Installing: /home/egsa/EGSA34_PLD/install/pl_interface/share/pl_interface/local_setup.dsv
-- Installing: /home/egsa/EGSA34_PLD/install/pl_interface/share/pl_interface/package.dsv
-- Installing: /home/egsa/EGSA34_PLD/install/pl_interface/share/ament_index/resource_index/packages/pl_interface
-- Installing: /home/egsa/EGSA34_PLD/install/pl_interface/share/pl_interface/cmake/export_pl_interface__rosidl_generator_cExport.cmake
-- Installing: /home/egsa/EGSA34_PLD/install/pl_interface/share/pl_interface/cmake/export_pl_interface__rosidl_generator_cExport-noconfig.cmake
-- Installing: /home/egsa/EGSA34_PLD/install/pl_interface/share/pl_interface/cmake/export_pl_interface__rosidl_typesupport_fastrtps_cExport.cmake
-- Installing: /home/egsa/EGSA34_PLD/install/pl_interface/share/pl_interface/cmake/export_pl_interface__rosidl_typesupport_fastrtps_cExport-noconfig.cmake
-- Installing: /home/egsa/EGSA34_PLD/install/pl_interface/share/pl_interface/cmake/pl_interface__rosidl_typesupport_introspection_cExport.cmake
-- Installing: /home/egsa/EGSA34_PLD/install/pl_interface/share/pl_interface/cmake/pl_interface__rosidl_typesupport_introspection_cExport-noconfig.cmake
-- Installing: /home/egsa/EGSA34_PLD/install/pl_interface/share/pl_interface/cmake/pl_interface__rosidl_typesupport_cExport.cmake
-- Installing: /home/egsa/EGSA34_PLD/install/pl_interface/share/pl_interface/cmake/pl_interface__rosidl_typesupport_cExport-noconfig.cmake
-- Installing: /home/egsa/EGSA34_PLD/install/pl_interface/share/pl_interface/cmake/export_pl_interface__rosidl_generator_cppExport.cmake
-- Installing: /home/egsa/EGSA34_PLD/install/pl_interface/share/pl_interface/cmake/export_pl_interface__rosidl_typesupport_fastrtps_cppExport.cmake
-- Installing: /home/egsa/EGSA34_PLD/install/pl_interface/share/pl_interface/cmake/export_pl_interface__rosidl_typesupport_fastrtps_cppExport-noconfig.cmake
-- Installing: /home/egsa/EGSA34_PLD/install/pl_interface/share/pl_interface/cmake/pl_interface__rosidl_typesupport_introspection_cppExport.cmake
-- Installing: /home/egsa/EGSA34_PLD/install/pl_interface/share/pl_interface/cmake/pl_interface__rosidl_typesupport_introspection_cppExport-noconfig.cmake
-- Installing: /home/egsa/EGSA34_PLD/install/pl_interface/share/pl_interface/cmake/pl_interface__rosidl_typesupport_cppExport.cmake
-- Installing: /home/egsa/EGSA34_PLD/install/pl_interface/share/pl_interface/cmake/pl_interface__rosidl_typesupport_cppExport-noconfig.cmake
-- Installing: /home/egsa/EGSA34_PLD/install/pl_interface/share/pl_interface/cmake/export_pl_interface__rosidl_generator_pyExport.cmake
-- Installing: /home/egsa/EGSA34_PLD/install/pl_interface/share/pl_interface/cmake/export_pl_interface__rosidl_generator_pyExport-noconfig.cmake
-- Installing: /home/egsa/EGSA34_PLD/install/pl_interface/share/pl_interface/cmake/rosidl_cmake-extras.cmake
-- Installing: /home/egsa/EGSA34_PLD/install/pl_interface/share/pl_interface/cmake/ament_cmake_export_include_directories-extras.cmake
-- Installing: /home/egsa/EGSA34_PLD/install/pl_interface/share/pl_interface/cmake/ament_cmake_export_libraries-extras.cmake
-- Installing: /home/egsa/EGSA34_PLD/install/pl_interface/share/pl_interface/cmake/ament_cmake_export_targets-extras.cmake
-- Installing: /home/egsa/EGSA34_PLD/install/pl_interface/share/pl_interface/cmake/rosidl_cmake_export_typesupport_targets-extras.cmake
-- Installing: /home/egsa/EGSA34_PLD/install/pl_interface/share/pl_interface/cmake/ament_cmake_export_dependencies-extras.cmake
-- Installing: /home/egsa/EGSA34_PLD/install/pl_interface/share/pl_interface/cmake/rosidl_cmake_export_typesupport_libraries-extras.cmake
-- Installing: /home/egsa/EGSA34_PLD/install/pl_interface/share/pl_interface/cmake/pl_interfaceConfig.cmake
-- Installing: /home/egsa/EGSA34_PLD/install/pl_interface/share/pl_interface/cmake/pl_interfaceConfig-version.cmake
-- Installing: /home/egsa/EGSA34_PLD/install/pl_interface/share/pl_interface/package.xml
