[1.539s] Invoking command in '/home/egsa/EGSA34_PLD/build/pl_interface': CMAKE_PREFIX_PATH=${CMAKE_PREFIX_PATH}:/home/egsa/egsa34_pl/install/egsa34:/opt/ros/humble /usr/bin/cmake /home/egsa/EGSA34_PLD/src/pl_interface -DCMAKE_INSTALL_PREFIX=/home/egsa/EGSA34_PLD/install/pl_interface
[2.452s] -- The C compiler identification is GNU 11.4.0
[3.215s] -- The CXX compiler identification is GNU 11.4.0
[3.263s] -- Detecting C compiler ABI info
[3.609s] -- Detecting C compiler ABI info - done
[3.634s] -- Check for working C compiler: /usr/bin/cc - skipped
[3.636s] -- Detecting C compile features
[3.638s] -- Detecting C compile features - done
[3.655s] -- Detecting CXX compiler ABI info
[4.022s] -- Detecting CXX compiler ABI info - done
[4.052s] -- Check for working CXX compiler: /usr/bin/c++ - skipped
[4.053s] -- Detecting CXX compile features
[4.055s] -- Detecting CXX compile features - done
[4.082s] -- Found ament_cmake: 1.3.5 (/opt/ros/humble/share/ament_cmake/cmake)
[4.868s] -- Found Python3: /usr/bin/python3.10 (found version "3.10.12") found components: Interpreter 
[5.538s] [33mCMake Warning at CMakeLists.txt:14 (find_package):
[5.538s]   By not providing "FindREQUIRED.cmake" in CMAKE_MODULE_PATH this project has
[5.538s]   asked CMake to find a package configuration file provided by "REQUIRED",
[5.539s]   but CMake did not find one.
[5.539s] 
[5.539s]   Could not find a package configuration file provided by "REQUIRED" with any
[5.539s]   of the following names:
[5.540s] 
[5.540s]     REQUIREDConfig.cmake
[5.540s]     required-config.cmake
[5.540s] 
[5.541s]   Add the installation prefix of "REQUIRED" to CMAKE_PREFIX_PATH or set
[5.541s]   "REQUIRED_DIR" to a directory containing one of the above files.  If
[5.541s]   "REQUIRED" provides a separate development package or SDK, be sure it has
[5.542s]   been installed.
[5.542s] 
[5.542s] [0m
[5.550s] -- Found rosidl_default_generators: 1.2.0 (/opt/ros/humble/share/rosidl_default_generators/cmake)
[5.575s] -- Using all available rosidl_typesupport_c: rosidl_typesupport_fastrtps_c;rosidl_typesupport_introspection_c
[5.628s] -- Found rosidl_adapter: 3.1.5 (/opt/ros/humble/share/rosidl_adapter/cmake)
[5.951s] -- Using all available rosidl_typesupport_cpp: rosidl_typesupport_fastrtps_cpp;rosidl_typesupport_introspection_cpp
[7.273s] -- Found ament_cmake_ros: 0.10.0 (/opt/ros/humble/share/ament_cmake_ros/cmake)
[8.035s] -- Using all available rosidl_typesupport_c: rosidl_typesupport_fastrtps_c;rosidl_typesupport_introspection_c
[8.968s] -- Using all available rosidl_typesupport_cpp: rosidl_typesupport_fastrtps_cpp;rosidl_typesupport_introspection_cpp
[9.051s] -- Found PythonInterp: /usr/bin/python3 (found suitable version "3.10.12", minimum required is "3.6") 
[9.064s] -- Found python_cmake_module: 0.10.0 (/opt/ros/humble/share/python_cmake_module/cmake)
[9.157s] -- Found PythonLibs: /usr/lib/aarch64-linux-gnu/libpython3.10.so (found suitable version "3.10.12", minimum required is "3.5") 
[9.157s] -- Using PYTHON_EXECUTABLE: /usr/bin/python3
[9.157s] -- Using PYTHON_INCLUDE_DIRS: /usr/include/python3.10
[9.158s] -- Using PYTHON_LIBRARIES: /usr/lib/aarch64-linux-gnu/libpython3.10.so
[9.232s] -- Found PythonExtra: .so  
[9.366s] -- Found ament_lint_auto: 0.12.8 (/opt/ros/humble/share/ament_lint_auto/cmake)
[10.680s] -- Added test 'lint_cmake' to check CMake code style
[10.693s] -- Added test 'xmllint' to check XML markup files
[10.715s] -- Configuring done
[10.931s] -- Generating done
[10.949s] -- Build files have been written to: /home/egsa/EGSA34_PLD/build/pl_interface
[10.973s] Invoked command in '/home/egsa/EGSA34_PLD/build/pl_interface' returned '0': CMAKE_PREFIX_PATH=${CMAKE_PREFIX_PATH}:/home/egsa/egsa34_pl/install/egsa34:/opt/ros/humble /usr/bin/cmake /home/egsa/EGSA34_PLD/src/pl_interface -DCMAKE_INSTALL_PREFIX=/home/egsa/EGSA34_PLD/install/pl_interface
[10.986s] Invoking command in '/home/egsa/EGSA34_PLD/build/pl_interface': CMAKE_PREFIX_PATH=${CMAKE_PREFIX_PATH}:/home/egsa/egsa34_pl/install/egsa34:/opt/ros/humble /usr/bin/cmake --build /home/egsa/EGSA34_PLD/build/pl_interface -- -j4 -l4
[11.147s] [  2%] [34m[1mGenerating C code for ROS interfaces[0m
[11.191s] [  4%] [34m[1mGenerating C++ code for ROS interfaces[0m
[11.225s] [  4%] Built target ament_cmake_python_copy_pl_interface
[12.463s] running egg_info
[12.467s] creating pl_interface.egg-info
[12.469s] writing pl_interface.egg-info/PKG-INFO
[12.471s] writing dependency_links to pl_interface.egg-info/dependency_links.txt
[12.473s] writing top-level names to pl_interface.egg-info/top_level.txt
[12.475s] writing manifest file 'pl_interface.egg-info/SOURCES.txt'
[12.489s] reading manifest file 'pl_interface.egg-info/SOURCES.txt'
[12.493s] writing manifest file 'pl_interface.egg-info/SOURCES.txt'
[12.638s] [  4%] Built target ament_cmake_python_build_pl_interface_egg
[13.127s] [  4%] Built target pl_interface__cpp
[13.176s] [  6%] [34m[1mGenerating C++ type support dispatch for ROS interfaces[0m
[13.224s] [  8%] [34m[1mGenerating C++ type support for eProsima Fast-RTPS[0m
[13.229s] [ 10%] [34m[1mGenerating C++ introspection for ROS interfaces[0m
[13.355s] [ 12%] [32mBuilding C object CMakeFiles/pl_interface__rosidl_generator_c.dir/rosidl_generator_c/pl_interface/msg/detail/bus_cmd__functions.c.o[0m
[13.807s] [ 14%] [32mBuilding C object CMakeFiles/pl_interface__rosidl_generator_c.dir/rosidl_generator_c/pl_interface/msg/detail/bus_reply__functions.c.o[0m
[14.075s] [ 17%] [32mBuilding C object CMakeFiles/pl_interface__rosidl_generator_c.dir/rosidl_generator_c/pl_interface/srv/detail/bus_reply__functions.c.o[0m
[14.390s] [ 19%] [32m[1mLinking C shared library libpl_interface__rosidl_generator_c.so[0m
[14.590s] [ 19%] Built target pl_interface__rosidl_generator_c
[14.653s] [ 21%] [34m[1mGenerating C type support for eProsima Fast-RTPS[0m
[14.832s] [ 23%] [32mBuilding CXX object CMakeFiles/pl_interface__rosidl_typesupport_cpp.dir/rosidl_typesupport_cpp/pl_interface/msg/bus_cmd__type_support.cpp.o[0m
[15.220s] [ 25%] [32mBuilding CXX object CMakeFiles/pl_interface__rosidl_typesupport_introspection_cpp.dir/rosidl_typesupport_introspection_cpp/pl_interface/msg/detail/bus_cmd__type_support.cpp.o[0m
[15.326s] [ 27%] [32mBuilding CXX object CMakeFiles/pl_interface__rosidl_typesupport_fastrtps_cpp.dir/rosidl_typesupport_fastrtps_cpp/pl_interface/msg/detail/dds_fastrtps/bus_cmd__type_support.cpp.o[0m
[16.978s] [ 29%] [32mBuilding CXX object CMakeFiles/pl_interface__rosidl_typesupport_cpp.dir/rosidl_typesupport_cpp/pl_interface/msg/bus_reply__type_support.cpp.o[0m
[17.232s] [ 31%] [32mBuilding CXX object CMakeFiles/pl_interface__rosidl_typesupport_fastrtps_c.dir/rosidl_typesupport_fastrtps_c/pl_interface/msg/detail/bus_cmd__type_support_c.cpp.o[0m
[18.142s] [ 34%] [32mBuilding CXX object CMakeFiles/pl_interface__rosidl_typesupport_introspection_cpp.dir/rosidl_typesupport_introspection_cpp/pl_interface/msg/detail/bus_reply__type_support.cpp.o[0m
[18.500s] [ 36%] [32mBuilding CXX object CMakeFiles/pl_interface__rosidl_typesupport_fastrtps_cpp.dir/rosidl_typesupport_fastrtps_cpp/pl_interface/msg/detail/dds_fastrtps/bus_reply__type_support.cpp.o[0m
[18.826s] [ 38%] [32mBuilding CXX object CMakeFiles/pl_interface__rosidl_typesupport_cpp.dir/rosidl_typesupport_cpp/pl_interface/srv/bus_reply__type_support.cpp.o[0m
[19.452s] [ 40%] [32mBuilding CXX object CMakeFiles/pl_interface__rosidl_typesupport_fastrtps_c.dir/rosidl_typesupport_fastrtps_c/pl_interface/msg/detail/bus_reply__type_support_c.cpp.o[0m
[20.542s] [ 42%] [32m[1mLinking CXX shared library libpl_interface__rosidl_typesupport_cpp.so[0m
[20.780s] [ 44%] [32mBuilding CXX object CMakeFiles/pl_interface__rosidl_typesupport_introspection_cpp.dir/rosidl_typesupport_introspection_cpp/pl_interface/srv/detail/bus_reply__type_support.cpp.o[0m
[20.809s] [ 44%] Built target pl_interface__rosidl_typesupport_cpp
[20.912s] [ 46%] [34m[1mGenerating C introspection for ROS interfaces[0m
[21.440s] [ 48%] [32mBuilding CXX object CMakeFiles/pl_interface__rosidl_typesupport_fastrtps_cpp.dir/rosidl_typesupport_fastrtps_cpp/pl_interface/srv/detail/dds_fastrtps/bus_reply__type_support.cpp.o[0m
[21.770s] [ 51%] [32mBuilding CXX object CMakeFiles/pl_interface__rosidl_typesupport_fastrtps_c.dir/rosidl_typesupport_fastrtps_c/pl_interface/srv/detail/bus_reply__type_support_c.cpp.o[0m
[23.697s] [ 53%] [32mBuilding C object CMakeFiles/pl_interface__rosidl_typesupport_introspection_c.dir/rosidl_typesupport_introspection_c/pl_interface/msg/detail/bus_cmd__type_support.c.o[0m
[23.970s] [ 55%] [32mBuilding C object CMakeFiles/pl_interface__rosidl_typesupport_introspection_c.dir/rosidl_typesupport_introspection_c/pl_interface/msg/detail/bus_reply__type_support.c.o[0m
[24.043s] [ 57%] [32m[1mLinking CXX shared library libpl_interface__rosidl_typesupport_introspection_cpp.so[0m
[24.234s] [ 59%] [32mBuilding C object CMakeFiles/pl_interface__rosidl_typesupport_introspection_c.dir/rosidl_typesupport_introspection_c/pl_interface/srv/detail/bus_reply__type_support.c.o[0m
[24.329s] [ 61%] [32m[1mLinking CXX shared library libpl_interface__rosidl_typesupport_fastrtps_c.so[0m
[24.461s] [ 61%] Built target pl_interface__rosidl_typesupport_introspection_cpp
[24.523s] [ 63%] [34m[1mGenerating C type support dispatch for ROS interfaces[0m
[24.530s] [ 65%] [32m[1mLinking C shared library libpl_interface__rosidl_typesupport_introspection_c.so[0m
[24.758s] [ 65%] Built target pl_interface__rosidl_typesupport_introspection_c
[24.785s] [ 65%] Built target pl_interface__rosidl_typesupport_fastrtps_c
[25.058s] [ 68%] [32m[1mLinking CXX shared library libpl_interface__rosidl_typesupport_fastrtps_cpp.so[0m
[25.376s] [ 68%] Built target pl_interface__rosidl_typesupport_fastrtps_cpp
[25.900s] [ 72%] [32mBuilding CXX object CMakeFiles/pl_interface__rosidl_typesupport_c.dir/rosidl_typesupport_c/pl_interface/msg/bus_reply__type_support.cpp.o[0m
[25.904s] [ 74%] [32mBuilding CXX object CMakeFiles/pl_interface__rosidl_typesupport_c.dir/rosidl_typesupport_c/pl_interface/msg/bus_cmd__type_support.cpp.o[0m
[25.904s] [ 74%] [32mBuilding CXX object CMakeFiles/pl_interface__rosidl_typesupport_c.dir/rosidl_typesupport_c/pl_interface/srv/bus_reply__type_support.cpp.o[0m
[26.066s] [ 76%] [32m[1mLinking CXX shared library libpl_interface__rosidl_typesupport_c.so[0m
[26.228s] [ 76%] Built target pl_interface__rosidl_typesupport_c
[26.311s] [ 76%] Built target pl_interface
[26.417s] [ 78%] [34m[1mGenerating Python code for ROS interfaces[0m
[28.779s] [ 78%] Built target pl_interface__py
[28.869s] [ 80%] [32mBuilding C object CMakeFiles/pl_interface__rosidl_generator_py.dir/rosidl_generator_py/pl_interface/msg/_bus_cmd_s.c.o[0m
[28.872s] [ 82%] [32mBuilding C object CMakeFiles/pl_interface__rosidl_generator_py.dir/rosidl_generator_py/pl_interface/msg/_bus_reply_s.c.o[0m
[28.873s] [ 85%] [32mBuilding C object CMakeFiles/pl_interface__rosidl_generator_py.dir/rosidl_generator_py/pl_interface/srv/_bus_reply_s.c.o[0m
[29.621s] [ 87%] [32m[1mLinking C shared library rosidl_generator_py/pl_interface/libpl_interface__rosidl_generator_py.so[0m
[29.802s] [ 87%] Built target pl_interface__rosidl_generator_py
[29.891s] [ 91%] [32mBuilding C object CMakeFiles/pl_interface__rosidl_typesupport_introspection_c__pyext.dir/rosidl_generator_py/pl_interface/_pl_interface_s.ep.rosidl_typesupport_introspection_c.c.o[0m
[29.893s] [ 91%] [32mBuilding C object CMakeFiles/pl_interface__rosidl_typesupport_fastrtps_c__pyext.dir/rosidl_generator_py/pl_interface/_pl_interface_s.ep.rosidl_typesupport_fastrtps_c.c.o[0m
[29.895s] [ 93%] [32mBuilding C object CMakeFiles/pl_interface__rosidl_typesupport_c__pyext.dir/rosidl_generator_py/pl_interface/_pl_interface_s.ep.rosidl_typesupport_c.c.o[0m
[30.395s] [ 95%] [32m[1mLinking C shared library rosidl_generator_py/pl_interface/pl_interface_s__rosidl_typesupport_c.cpython-310-aarch64-linux-gnu.so[0m
[30.408s] [ 97%] [32m[1mLinking C shared library rosidl_generator_py/pl_interface/pl_interface_s__rosidl_typesupport_introspection_c.cpython-310-aarch64-linux-gnu.so[0m
[30.453s] [100%] [32m[1mLinking C shared library rosidl_generator_py/pl_interface/pl_interface_s__rosidl_typesupport_fastrtps_c.cpython-310-aarch64-linux-gnu.so[0m
[30.571s] [100%] Built target pl_interface__rosidl_typesupport_c__pyext
[30.588s] [100%] Built target pl_interface__rosidl_typesupport_introspection_c__pyext
[30.634s] [100%] Built target pl_interface__rosidl_typesupport_fastrtps_c__pyext
[30.677s] Invoked command in '/home/egsa/EGSA34_PLD/build/pl_interface' returned '0': CMAKE_PREFIX_PATH=${CMAKE_PREFIX_PATH}:/home/egsa/egsa34_pl/install/egsa34:/opt/ros/humble /usr/bin/cmake --build /home/egsa/EGSA34_PLD/build/pl_interface -- -j4 -l4
[31.263s] Invoking command in '/home/egsa/EGSA34_PLD/build/pl_interface': CMAKE_PREFIX_PATH=${CMAKE_PREFIX_PATH}:/home/egsa/egsa34_pl/install/egsa34:/opt/ros/humble /usr/bin/cmake --install /home/egsa/EGSA34_PLD/build/pl_interface
[31.291s] -- Install configuration: ""
[31.292s] -- Installing: /home/egsa/EGSA34_PLD/install/pl_interface/share/ament_index/resource_index/rosidl_interfaces/pl_interface
[31.293s] -- Installing: /home/egsa/EGSA34_PLD/install/pl_interface/include/pl_interface/pl_interface
[31.294s] -- Installing: /home/egsa/EGSA34_PLD/install/pl_interface/include/pl_interface/pl_interface/msg
[31.294s] -- Installing: /home/egsa/EGSA34_PLD/install/pl_interface/include/pl_interface/pl_interface/msg/bus_cmd.h
[31.295s] -- Installing: /home/egsa/EGSA34_PLD/install/pl_interface/include/pl_interface/pl_interface/msg/detail
[31.296s] -- Installing: /home/egsa/EGSA34_PLD/install/pl_interface/include/pl_interface/pl_interface/msg/detail/bus_reply__struct.h
[31.297s] -- Installing: /home/egsa/EGSA34_PLD/install/pl_interface/include/pl_interface/pl_interface/msg/detail/bus_cmd__functions.h
[31.298s] -- Installing: /home/egsa/EGSA34_PLD/install/pl_interface/include/pl_interface/pl_interface/msg/detail/bus_reply__functions.c
[31.300s] -- Installing: /home/egsa/EGSA34_PLD/install/pl_interface/include/pl_interface/pl_interface/msg/detail/bus_cmd__type_support.h
[31.300s] -- Installing: /home/egsa/EGSA34_PLD/install/pl_interface/include/pl_interface/pl_interface/msg/detail/bus_reply__functions.h
[31.301s] -- Installing: /home/egsa/EGSA34_PLD/install/pl_interface/include/pl_interface/pl_interface/msg/detail/bus_cmd__struct.h
[31.302s] -- Installing: /home/egsa/EGSA34_PLD/install/pl_interface/include/pl_interface/pl_interface/msg/detail/bus_reply__type_support.h
[31.304s] -- Installing: /home/egsa/EGSA34_PLD/install/pl_interface/include/pl_interface/pl_interface/msg/detail/bus_cmd__functions.c
[31.305s] -- Installing: /home/egsa/EGSA34_PLD/install/pl_interface/include/pl_interface/pl_interface/msg/rosidl_generator_c__visibility_control.h
[31.306s] -- Installing: /home/egsa/EGSA34_PLD/install/pl_interface/include/pl_interface/pl_interface/msg/bus_reply.h
[31.307s] -- Installing: /home/egsa/EGSA34_PLD/install/pl_interface/include/pl_interface/pl_interface/srv
[31.307s] -- Installing: /home/egsa/EGSA34_PLD/install/pl_interface/include/pl_interface/pl_interface/srv/detail
[31.308s] -- Installing: /home/egsa/EGSA34_PLD/install/pl_interface/include/pl_interface/pl_interface/srv/detail/bus_reply__struct.h
[31.309s] -- Installing: /home/egsa/EGSA34_PLD/install/pl_interface/include/pl_interface/pl_interface/srv/detail/bus_reply__functions.c
[31.310s] -- Installing: /home/egsa/EGSA34_PLD/install/pl_interface/include/pl_interface/pl_interface/srv/detail/bus_reply__functions.h
[31.311s] -- Installing: /home/egsa/EGSA34_PLD/install/pl_interface/include/pl_interface/pl_interface/srv/detail/bus_reply__type_support.h
[31.312s] -- Installing: /home/egsa/EGSA34_PLD/install/pl_interface/include/pl_interface/pl_interface/srv/bus_reply.h
[31.314s] -- Installing: /home/egsa/EGSA34_PLD/install/pl_interface/share/pl_interface/environment/library_path.sh
[31.315s] -- Installing: /home/egsa/EGSA34_PLD/install/pl_interface/share/pl_interface/environment/library_path.dsv
[31.316s] -- Installing: /home/egsa/EGSA34_PLD/install/pl_interface/lib/libpl_interface__rosidl_generator_c.so
[31.319s] -- Set runtime path of "/home/egsa/EGSA34_PLD/install/pl_interface/lib/libpl_interface__rosidl_generator_c.so" to ""
[31.320s] -- Up-to-date: /home/egsa/EGSA34_PLD/install/pl_interface/include/pl_interface/pl_interface
[31.320s] -- Up-to-date: /home/egsa/EGSA34_PLD/install/pl_interface/include/pl_interface/pl_interface/msg
[31.320s] -- Up-to-date: /home/egsa/EGSA34_PLD/install/pl_interface/include/pl_interface/pl_interface/msg/detail
[31.321s] -- Installing: /home/egsa/EGSA34_PLD/install/pl_interface/include/pl_interface/pl_interface/msg/detail/bus_reply__rosidl_typesupport_fastrtps_c.h
[31.321s] -- Installing: /home/egsa/EGSA34_PLD/install/pl_interface/include/pl_interface/pl_interface/msg/detail/bus_cmd__rosidl_typesupport_fastrtps_c.h
[31.323s] -- Installing: /home/egsa/EGSA34_PLD/install/pl_interface/include/pl_interface/pl_interface/msg/rosidl_typesupport_fastrtps_c__visibility_control.h
[31.324s] -- Up-to-date: /home/egsa/EGSA34_PLD/install/pl_interface/include/pl_interface/pl_interface/srv
[31.324s] -- Up-to-date: /home/egsa/EGSA34_PLD/install/pl_interface/include/pl_interface/pl_interface/srv/detail
[31.325s] -- Installing: /home/egsa/EGSA34_PLD/install/pl_interface/include/pl_interface/pl_interface/srv/detail/bus_reply__rosidl_typesupport_fastrtps_c.h
[31.326s] -- Installing: /home/egsa/EGSA34_PLD/install/pl_interface/lib/libpl_interface__rosidl_typesupport_fastrtps_c.so
[31.329s] -- Set runtime path of "/home/egsa/EGSA34_PLD/install/pl_interface/lib/libpl_interface__rosidl_typesupport_fastrtps_c.so" to ""
[31.329s] -- Up-to-date: /home/egsa/EGSA34_PLD/install/pl_interface/include/pl_interface/pl_interface
[31.330s] -- Up-to-date: /home/egsa/EGSA34_PLD/install/pl_interface/include/pl_interface/pl_interface/msg
[31.330s] -- Installing: /home/egsa/EGSA34_PLD/install/pl_interface/include/pl_interface/pl_interface/msg/rosidl_typesupport_introspection_c__visibility_control.h
[31.331s] -- Up-to-date: /home/egsa/EGSA34_PLD/install/pl_interface/include/pl_interface/pl_interface/msg/detail
[31.331s] -- Installing: /home/egsa/EGSA34_PLD/install/pl_interface/include/pl_interface/pl_interface/msg/detail/bus_cmd__type_support.c
[31.332s] -- Installing: /home/egsa/EGSA34_PLD/install/pl_interface/include/pl_interface/pl_interface/msg/detail/bus_cmd__rosidl_typesupport_introspection_c.h
[31.333s] -- Installing: /home/egsa/EGSA34_PLD/install/pl_interface/include/pl_interface/pl_interface/msg/detail/bus_reply__type_support.c
[31.335s] -- Installing: /home/egsa/EGSA34_PLD/install/pl_interface/include/pl_interface/pl_interface/msg/detail/bus_reply__rosidl_typesupport_introspection_c.h
[31.336s] -- Up-to-date: /home/egsa/EGSA34_PLD/install/pl_interface/include/pl_interface/pl_interface/srv
[31.336s] -- Up-to-date: /home/egsa/EGSA34_PLD/install/pl_interface/include/pl_interface/pl_interface/srv/detail
[31.337s] -- Installing: /home/egsa/EGSA34_PLD/install/pl_interface/include/pl_interface/pl_interface/srv/detail/bus_reply__type_support.c
[31.338s] -- Installing: /home/egsa/EGSA34_PLD/install/pl_interface/include/pl_interface/pl_interface/srv/detail/bus_reply__rosidl_typesupport_introspection_c.h
[31.339s] -- Installing: /home/egsa/EGSA34_PLD/install/pl_interface/lib/libpl_interface__rosidl_typesupport_introspection_c.so
[31.342s] -- Set runtime path of "/home/egsa/EGSA34_PLD/install/pl_interface/lib/libpl_interface__rosidl_typesupport_introspection_c.so" to ""
[31.344s] -- Installing: /home/egsa/EGSA34_PLD/install/pl_interface/lib/libpl_interface__rosidl_typesupport_c.so
[31.345s] -- Set runtime path of "/home/egsa/EGSA34_PLD/install/pl_interface/lib/libpl_interface__rosidl_typesupport_c.so" to ""
[31.346s] -- Up-to-date: /home/egsa/EGSA34_PLD/install/pl_interface/include/pl_interface/pl_interface
[31.346s] -- Up-to-date: /home/egsa/EGSA34_PLD/install/pl_interface/include/pl_interface/pl_interface/msg
[31.347s] -- Installing: /home/egsa/EGSA34_PLD/install/pl_interface/include/pl_interface/pl_interface/msg/bus_reply.hpp
[31.347s] -- Up-to-date: /home/egsa/EGSA34_PLD/install/pl_interface/include/pl_interface/pl_interface/msg/detail
[31.348s] -- Installing: /home/egsa/EGSA34_PLD/install/pl_interface/include/pl_interface/pl_interface/msg/detail/bus_reply__builder.hpp
[31.349s] -- Installing: /home/egsa/EGSA34_PLD/install/pl_interface/include/pl_interface/pl_interface/msg/detail/bus_reply__struct.hpp
[31.350s] -- Installing: /home/egsa/EGSA34_PLD/install/pl_interface/include/pl_interface/pl_interface/msg/detail/bus_reply__traits.hpp
[31.351s] -- Installing: /home/egsa/EGSA34_PLD/install/pl_interface/include/pl_interface/pl_interface/msg/detail/bus_cmd__traits.hpp
[31.352s] -- Installing: /home/egsa/EGSA34_PLD/install/pl_interface/include/pl_interface/pl_interface/msg/detail/bus_cmd__struct.hpp
[31.353s] -- Installing: /home/egsa/EGSA34_PLD/install/pl_interface/include/pl_interface/pl_interface/msg/detail/bus_cmd__builder.hpp
[31.354s] -- Installing: /home/egsa/EGSA34_PLD/install/pl_interface/include/pl_interface/pl_interface/msg/bus_cmd.hpp
[31.355s] -- Up-to-date: /home/egsa/EGSA34_PLD/install/pl_interface/include/pl_interface/pl_interface/srv
[31.355s] -- Installing: /home/egsa/EGSA34_PLD/install/pl_interface/include/pl_interface/pl_interface/srv/bus_reply.hpp
[31.356s] -- Up-to-date: /home/egsa/EGSA34_PLD/install/pl_interface/include/pl_interface/pl_interface/srv/detail
[31.356s] -- Installing: /home/egsa/EGSA34_PLD/install/pl_interface/include/pl_interface/pl_interface/srv/detail/bus_reply__builder.hpp
[31.357s] -- Installing: /home/egsa/EGSA34_PLD/install/pl_interface/include/pl_interface/pl_interface/srv/detail/bus_reply__struct.hpp
[31.359s] -- Installing: /home/egsa/EGSA34_PLD/install/pl_interface/include/pl_interface/pl_interface/srv/detail/bus_reply__traits.hpp
[31.360s] -- Up-to-date: /home/egsa/EGSA34_PLD/install/pl_interface/include/pl_interface/pl_interface
[31.360s] -- Up-to-date: /home/egsa/EGSA34_PLD/install/pl_interface/include/pl_interface/pl_interface/msg
[31.360s] -- Up-to-date: /home/egsa/EGSA34_PLD/install/pl_interface/include/pl_interface/pl_interface/msg/detail
[31.361s] -- Installing: /home/egsa/EGSA34_PLD/install/pl_interface/include/pl_interface/pl_interface/msg/detail/bus_reply__rosidl_typesupport_fastrtps_cpp.hpp
[31.362s] -- Installing: /home/egsa/EGSA34_PLD/install/pl_interface/include/pl_interface/pl_interface/msg/detail/dds_fastrtps
[31.363s] -- Installing: /home/egsa/EGSA34_PLD/install/pl_interface/include/pl_interface/pl_interface/msg/detail/bus_cmd__rosidl_typesupport_fastrtps_cpp.hpp
[31.364s] -- Installing: /home/egsa/EGSA34_PLD/install/pl_interface/include/pl_interface/pl_interface/msg/rosidl_typesupport_fastrtps_cpp__visibility_control.h
[31.365s] -- Up-to-date: /home/egsa/EGSA34_PLD/install/pl_interface/include/pl_interface/pl_interface/srv
[31.365s] -- Up-to-date: /home/egsa/EGSA34_PLD/install/pl_interface/include/pl_interface/pl_interface/srv/detail
[31.366s] -- Installing: /home/egsa/EGSA34_PLD/install/pl_interface/include/pl_interface/pl_interface/srv/detail/bus_reply__rosidl_typesupport_fastrtps_cpp.hpp
[31.367s] -- Installing: /home/egsa/EGSA34_PLD/install/pl_interface/include/pl_interface/pl_interface/srv/detail/dds_fastrtps
[31.368s] -- Installing: /home/egsa/EGSA34_PLD/install/pl_interface/lib/libpl_interface__rosidl_typesupport_fastrtps_cpp.so
[31.371s] -- Set runtime path of "/home/egsa/EGSA34_PLD/install/pl_interface/lib/libpl_interface__rosidl_typesupport_fastrtps_cpp.so" to ""
[31.371s] -- Up-to-date: /home/egsa/EGSA34_PLD/install/pl_interface/include/pl_interface/pl_interface
[31.372s] -- Up-to-date: /home/egsa/EGSA34_PLD/install/pl_interface/include/pl_interface/pl_interface/msg
[31.372s] -- Up-to-date: /home/egsa/EGSA34_PLD/install/pl_interface/include/pl_interface/pl_interface/msg/detail
[31.372s] -- Installing: /home/egsa/EGSA34_PLD/install/pl_interface/include/pl_interface/pl_interface/msg/detail/bus_cmd__rosidl_typesupport_introspection_cpp.hpp
[31.373s] -- Installing: /home/egsa/EGSA34_PLD/install/pl_interface/include/pl_interface/pl_interface/msg/detail/bus_reply__rosidl_typesupport_introspection_cpp.hpp
[31.375s] -- Installing: /home/egsa/EGSA34_PLD/install/pl_interface/include/pl_interface/pl_interface/msg/detail/bus_reply__type_support.cpp
[31.376s] -- Installing: /home/egsa/EGSA34_PLD/install/pl_interface/include/pl_interface/pl_interface/msg/detail/bus_cmd__type_support.cpp
[31.377s] -- Up-to-date: /home/egsa/EGSA34_PLD/install/pl_interface/include/pl_interface/pl_interface/srv
[31.377s] -- Up-to-date: /home/egsa/EGSA34_PLD/install/pl_interface/include/pl_interface/pl_interface/srv/detail
[31.378s] -- Installing: /home/egsa/EGSA34_PLD/install/pl_interface/include/pl_interface/pl_interface/srv/detail/bus_reply__rosidl_typesupport_introspection_cpp.hpp
[31.379s] -- Installing: /home/egsa/EGSA34_PLD/install/pl_interface/include/pl_interface/pl_interface/srv/detail/bus_reply__type_support.cpp
[31.381s] -- Installing: /home/egsa/EGSA34_PLD/install/pl_interface/lib/libpl_interface__rosidl_typesupport_introspection_cpp.so
[31.384s] -- Set runtime path of "/home/egsa/EGSA34_PLD/install/pl_interface/lib/libpl_interface__rosidl_typesupport_introspection_cpp.so" to ""
[31.384s] -- Installing: /home/egsa/EGSA34_PLD/install/pl_interface/lib/libpl_interface__rosidl_typesupport_cpp.so
[31.386s] -- Set runtime path of "/home/egsa/EGSA34_PLD/install/pl_interface/lib/libpl_interface__rosidl_typesupport_cpp.so" to ""
[31.387s] -- Installing: /home/egsa/EGSA34_PLD/install/pl_interface/share/pl_interface/environment/pythonpath.sh
[31.388s] -- Installing: /home/egsa/EGSA34_PLD/install/pl_interface/share/pl_interface/environment/pythonpath.dsv
[31.389s] -- Installing: /home/egsa/EGSA34_PLD/install/pl_interface/local/lib/python3.10/dist-packages/pl_interface-0.0.0-py3.10.egg-info
[31.390s] -- Installing: /home/egsa/EGSA34_PLD/install/pl_interface/local/lib/python3.10/dist-packages/pl_interface-0.0.0-py3.10.egg-info/dependency_links.txt
[31.391s] -- Installing: /home/egsa/EGSA34_PLD/install/pl_interface/local/lib/python3.10/dist-packages/pl_interface-0.0.0-py3.10.egg-info/SOURCES.txt
[31.392s] -- Installing: /home/egsa/EGSA34_PLD/install/pl_interface/local/lib/python3.10/dist-packages/pl_interface-0.0.0-py3.10.egg-info/top_level.txt
[31.393s] -- Installing: /home/egsa/EGSA34_PLD/install/pl_interface/local/lib/python3.10/dist-packages/pl_interface-0.0.0-py3.10.egg-info/PKG-INFO
[31.394s] -- Installing: /home/egsa/EGSA34_PLD/install/pl_interface/local/lib/python3.10/dist-packages/pl_interface
[31.395s] -- Installing: /home/egsa/EGSA34_PLD/install/pl_interface/local/lib/python3.10/dist-packages/pl_interface/_pl_interface_s.ep.rosidl_typesupport_c.c
[31.396s] -- Installing: /home/egsa/EGSA34_PLD/install/pl_interface/local/lib/python3.10/dist-packages/pl_interface/msg
[31.397s] -- Installing: /home/egsa/EGSA34_PLD/install/pl_interface/local/lib/python3.10/dist-packages/pl_interface/msg/_bus_reply.py
[31.398s] -- Installing: /home/egsa/EGSA34_PLD/install/pl_interface/local/lib/python3.10/dist-packages/pl_interface/msg/_bus_cmd.py
[31.423s] -- Installing: /home/egsa/EGSA34_PLD/install/pl_interface/local/lib/python3.10/dist-packages/pl_interface/msg/_bus_reply_s.c
[31.428s] -- Installing: /home/egsa/EGSA34_PLD/install/pl_interface/local/lib/python3.10/dist-packages/pl_interface/msg/_bus_cmd_s.c
[31.430s] -- Installing: /home/egsa/EGSA34_PLD/install/pl_interface/local/lib/python3.10/dist-packages/pl_interface/msg/__init__.py
[31.432s] -- Installing: /home/egsa/EGSA34_PLD/install/pl_interface/local/lib/python3.10/dist-packages/pl_interface/srv
[31.434s] -- Installing: /home/egsa/EGSA34_PLD/install/pl_interface/local/lib/python3.10/dist-packages/pl_interface/srv/_bus_reply.py
[31.437s] -- Installing: /home/egsa/EGSA34_PLD/install/pl_interface/local/lib/python3.10/dist-packages/pl_interface/srv/_bus_reply_s.c
[31.438s] -- Installing: /home/egsa/EGSA34_PLD/install/pl_interface/local/lib/python3.10/dist-packages/pl_interface/srv/__init__.py
[31.439s] -- Installing: /home/egsa/EGSA34_PLD/install/pl_interface/local/lib/python3.10/dist-packages/pl_interface/__init__.py
[31.440s] -- Installing: /home/egsa/EGSA34_PLD/install/pl_interface/local/lib/python3.10/dist-packages/pl_interface/libpl_interface__rosidl_generator_py.so
[31.442s] -- Installing: /home/egsa/EGSA34_PLD/install/pl_interface/local/lib/python3.10/dist-packages/pl_interface/pl_interface_s__rosidl_typesupport_introspection_c.cpython-310-aarch64-linux-gnu.so
[31.443s] -- Installing: /home/egsa/EGSA34_PLD/install/pl_interface/local/lib/python3.10/dist-packages/pl_interface/pl_interface_s__rosidl_typesupport_c.cpython-310-aarch64-linux-gnu.so
[31.445s] -- Installing: /home/egsa/EGSA34_PLD/install/pl_interface/local/lib/python3.10/dist-packages/pl_interface/_pl_interface_s.ep.rosidl_typesupport_fastrtps_c.c
[31.446s] -- Installing: /home/egsa/EGSA34_PLD/install/pl_interface/local/lib/python3.10/dist-packages/pl_interface/_pl_interface_s.ep.rosidl_typesupport_introspection_c.c
[31.448s] -- Installing: /home/egsa/EGSA34_PLD/install/pl_interface/local/lib/python3.10/dist-packages/pl_interface/pl_interface_s__rosidl_typesupport_fastrtps_c.cpython-310-aarch64-linux-gnu.so
[31.606s] Listing '/home/egsa/EGSA34_PLD/install/pl_interface/local/lib/python3.10/dist-packages/pl_interface'...
[31.607s] Compiling '/home/egsa/EGSA34_PLD/install/pl_interface/local/lib/python3.10/dist-packages/pl_interface/__init__.py'...
[31.608s] Listing '/home/egsa/EGSA34_PLD/install/pl_interface/local/lib/python3.10/dist-packages/pl_interface/msg'...
[31.609s] Compiling '/home/egsa/EGSA34_PLD/install/pl_interface/local/lib/python3.10/dist-packages/pl_interface/msg/__init__.py'...
[31.610s] Compiling '/home/egsa/EGSA34_PLD/install/pl_interface/local/lib/python3.10/dist-packages/pl_interface/msg/_bus_cmd.py'...
[31.611s] Compiling '/home/egsa/EGSA34_PLD/install/pl_interface/local/lib/python3.10/dist-packages/pl_interface/msg/_bus_reply.py'...
[31.611s] Listing '/home/egsa/EGSA34_PLD/install/pl_interface/local/lib/python3.10/dist-packages/pl_interface/srv'...
[31.613s] Compiling '/home/egsa/EGSA34_PLD/install/pl_interface/local/lib/python3.10/dist-packages/pl_interface/srv/__init__.py'...
[31.613s] Compiling '/home/egsa/EGSA34_PLD/install/pl_interface/local/lib/python3.10/dist-packages/pl_interface/srv/_bus_reply.py'...
[31.631s] -- Installing: /home/egsa/EGSA34_PLD/install/pl_interface/local/lib/python3.10/dist-packages/pl_interface/pl_interface_s__rosidl_typesupport_fastrtps_c.cpython-310-aarch64-linux-gnu.so
[31.634s] -- Set runtime path of "/home/egsa/EGSA34_PLD/install/pl_interface/local/lib/python3.10/dist-packages/pl_interface/pl_interface_s__rosidl_typesupport_fastrtps_c.cpython-310-aarch64-linux-gnu.so" to ""
[31.635s] -- Installing: /home/egsa/EGSA34_PLD/install/pl_interface/local/lib/python3.10/dist-packages/pl_interface/pl_interface_s__rosidl_typesupport_introspection_c.cpython-310-aarch64-linux-gnu.so
[31.638s] -- Set runtime path of "/home/egsa/EGSA34_PLD/install/pl_interface/local/lib/python3.10/dist-packages/pl_interface/pl_interface_s__rosidl_typesupport_introspection_c.cpython-310-aarch64-linux-gnu.so" to ""
[31.639s] -- Installing: /home/egsa/EGSA34_PLD/install/pl_interface/local/lib/python3.10/dist-packages/pl_interface/pl_interface_s__rosidl_typesupport_c.cpython-310-aarch64-linux-gnu.so
[31.642s] -- Set runtime path of "/home/egsa/EGSA34_PLD/install/pl_interface/local/lib/python3.10/dist-packages/pl_interface/pl_interface_s__rosidl_typesupport_c.cpython-310-aarch64-linux-gnu.so" to ""
[31.643s] -- Installing: /home/egsa/EGSA34_PLD/install/pl_interface/lib/libpl_interface__rosidl_generator_py.so
[31.646s] -- Set runtime path of "/home/egsa/EGSA34_PLD/install/pl_interface/lib/libpl_interface__rosidl_generator_py.so" to ""
[31.646s] -- Installing: /home/egsa/EGSA34_PLD/install/pl_interface/share/pl_interface/msg/BusCmd.idl
[31.647s] -- Installing: /home/egsa/EGSA34_PLD/install/pl_interface/share/pl_interface/msg/BusReply.idl
[31.649s] -- Installing: /home/egsa/EGSA34_PLD/install/pl_interface/share/pl_interface/srv/BusReply.idl
[31.650s] -- Installing: /home/egsa/EGSA34_PLD/install/pl_interface/share/pl_interface/msg/BusCmd.msg
[31.651s] -- Installing: /home/egsa/EGSA34_PLD/install/pl_interface/share/pl_interface/msg/BusReply.msg
[31.652s] -- Installing: /home/egsa/EGSA34_PLD/install/pl_interface/share/pl_interface/srv/BusReply.srv
[31.653s] -- Installing: /home/egsa/EGSA34_PLD/install/pl_interface/share/pl_interface/srv/BusReply_Request.msg
[31.654s] -- Installing: /home/egsa/EGSA34_PLD/install/pl_interface/share/pl_interface/srv/BusReply_Response.msg
[31.655s] -- Installing: /home/egsa/EGSA34_PLD/install/pl_interface/share/ament_index/resource_index/package_run_dependencies/pl_interface
[31.657s] -- Installing: /home/egsa/EGSA34_PLD/install/pl_interface/share/ament_index/resource_index/parent_prefix_path/pl_interface
[31.658s] -- Installing: /home/egsa/EGSA34_PLD/install/pl_interface/share/pl_interface/environment/ament_prefix_path.sh
[31.659s] -- Installing: /home/egsa/EGSA34_PLD/install/pl_interface/share/pl_interface/environment/ament_prefix_path.dsv
[31.660s] -- Installing: /home/egsa/EGSA34_PLD/install/pl_interface/share/pl_interface/environment/path.sh
[31.661s] -- Installing: /home/egsa/EGSA34_PLD/install/pl_interface/share/pl_interface/environment/path.dsv
[31.662s] -- Installing: /home/egsa/EGSA34_PLD/install/pl_interface/share/pl_interface/local_setup.bash
[31.663s] -- Installing: /home/egsa/EGSA34_PLD/install/pl_interface/share/pl_interface/local_setup.sh
[31.664s] -- Installing: /home/egsa/EGSA34_PLD/install/pl_interface/share/pl_interface/local_setup.zsh
[31.666s] -- Installing: /home/egsa/EGSA34_PLD/install/pl_interface/share/pl_interface/local_setup.dsv
[31.667s] -- Installing: /home/egsa/EGSA34_PLD/install/pl_interface/share/pl_interface/package.dsv
[31.668s] -- Installing: /home/egsa/EGSA34_PLD/install/pl_interface/share/ament_index/resource_index/packages/pl_interface
[31.669s] -- Installing: /home/egsa/EGSA34_PLD/install/pl_interface/share/pl_interface/cmake/export_pl_interface__rosidl_generator_cExport.cmake
[31.671s] -- Installing: /home/egsa/EGSA34_PLD/install/pl_interface/share/pl_interface/cmake/export_pl_interface__rosidl_generator_cExport-noconfig.cmake
[31.672s] -- Installing: /home/egsa/EGSA34_PLD/install/pl_interface/share/pl_interface/cmake/export_pl_interface__rosidl_typesupport_fastrtps_cExport.cmake
[31.673s] -- Installing: /home/egsa/EGSA34_PLD/install/pl_interface/share/pl_interface/cmake/export_pl_interface__rosidl_typesupport_fastrtps_cExport-noconfig.cmake
[31.675s] -- Installing: /home/egsa/EGSA34_PLD/install/pl_interface/share/pl_interface/cmake/pl_interface__rosidl_typesupport_introspection_cExport.cmake
[31.677s] -- Installing: /home/egsa/EGSA34_PLD/install/pl_interface/share/pl_interface/cmake/pl_interface__rosidl_typesupport_introspection_cExport-noconfig.cmake
[31.678s] -- Installing: /home/egsa/EGSA34_PLD/install/pl_interface/share/pl_interface/cmake/pl_interface__rosidl_typesupport_cExport.cmake
[31.680s] -- Installing: /home/egsa/EGSA34_PLD/install/pl_interface/share/pl_interface/cmake/pl_interface__rosidl_typesupport_cExport-noconfig.cmake
[31.681s] -- Installing: /home/egsa/EGSA34_PLD/install/pl_interface/share/pl_interface/cmake/export_pl_interface__rosidl_generator_cppExport.cmake
[31.682s] -- Installing: /home/egsa/EGSA34_PLD/install/pl_interface/share/pl_interface/cmake/export_pl_interface__rosidl_typesupport_fastrtps_cppExport.cmake
[31.684s] -- Installing: /home/egsa/EGSA34_PLD/install/pl_interface/share/pl_interface/cmake/export_pl_interface__rosidl_typesupport_fastrtps_cppExport-noconfig.cmake
[31.685s] -- Installing: /home/egsa/EGSA34_PLD/install/pl_interface/share/pl_interface/cmake/pl_interface__rosidl_typesupport_introspection_cppExport.cmake
[31.687s] -- Installing: /home/egsa/EGSA34_PLD/install/pl_interface/share/pl_interface/cmake/pl_interface__rosidl_typesupport_introspection_cppExport-noconfig.cmake
[31.688s] -- Installing: /home/egsa/EGSA34_PLD/install/pl_interface/share/pl_interface/cmake/pl_interface__rosidl_typesupport_cppExport.cmake
[31.689s] -- Installing: /home/egsa/EGSA34_PLD/install/pl_interface/share/pl_interface/cmake/pl_interface__rosidl_typesupport_cppExport-noconfig.cmake
[31.691s] -- Installing: /home/egsa/EGSA34_PLD/install/pl_interface/share/pl_interface/cmake/export_pl_interface__rosidl_generator_pyExport.cmake
[31.692s] -- Installing: /home/egsa/EGSA34_PLD/install/pl_interface/share/pl_interface/cmake/export_pl_interface__rosidl_generator_pyExport-noconfig.cmake
[31.693s] -- Installing: /home/egsa/EGSA34_PLD/install/pl_interface/share/pl_interface/cmake/rosidl_cmake-extras.cmake
[31.694s] -- Installing: /home/egsa/EGSA34_PLD/install/pl_interface/share/pl_interface/cmake/ament_cmake_export_include_directories-extras.cmake
[31.696s] -- Installing: /home/egsa/EGSA34_PLD/install/pl_interface/share/pl_interface/cmake/ament_cmake_export_libraries-extras.cmake
[31.697s] -- Installing: /home/egsa/EGSA34_PLD/install/pl_interface/share/pl_interface/cmake/ament_cmake_export_targets-extras.cmake
[31.698s] -- Installing: /home/egsa/EGSA34_PLD/install/pl_interface/share/pl_interface/cmake/rosidl_cmake_export_typesupport_targets-extras.cmake
[31.700s] -- Installing: /home/egsa/EGSA34_PLD/install/pl_interface/share/pl_interface/cmake/ament_cmake_export_dependencies-extras.cmake
[31.701s] -- Installing: /home/egsa/EGSA34_PLD/install/pl_interface/share/pl_interface/cmake/rosidl_cmake_export_typesupport_libraries-extras.cmake
[31.702s] -- Installing: /home/egsa/EGSA34_PLD/install/pl_interface/share/pl_interface/cmake/pl_interfaceConfig.cmake
[31.703s] -- Installing: /home/egsa/EGSA34_PLD/install/pl_interface/share/pl_interface/cmake/pl_interfaceConfig-version.cmake
[31.704s] -- Installing: /home/egsa/EGSA34_PLD/install/pl_interface/share/pl_interface/package.xml
[31.713s] Invoked command in '/home/egsa/EGSA34_PLD/build/pl_interface' returned '0': CMAKE_PREFIX_PATH=${CMAKE_PREFIX_PATH}:/home/egsa/egsa34_pl/install/egsa34:/opt/ros/humble /usr/bin/cmake --install /home/egsa/EGSA34_PLD/build/pl_interface
